#
# A fatal error has been detected by the Java Runtime Environment:
#
#  EXCEPTION_ACCESS_VIOLATION (0xc0000005) at pc=0x0000000053d4ee93, pid=6364, tid=0x00000000000019d4
#
# JRE version: Java(TM) SE Runtime Environment (8.0_161-b12) (build 1.8.0_161-b12)
# Java VM: Java HotSpot(TM) 64-Bit Server VM (25.161-b12 mixed mode windows-amd64 compressed oops)
# Problematic frame:
# V  [jvm.dll+0x13ee93]
#
# Failed to write core dump. Minidumps are not enabled by default on client versions of Windows
#
# If you would like to submit a bug report, please visit:
#   http://bugreport.java.com/bugreport/crash.jsp
#

---------------  T H R E A D  ---------------

Current thread (0x000000001a2fd000):  JavaThread "AWT-EventQueue-0" [_thread_in_vm, id=6612, stack(0x000000001b1d0000,0x000000001b2d0000)]

siginfo: ExceptionCode=0xc0000005, reading address 0x000000029f2a29e8

Registers:
RAX=0x0000000000000000, RBX=0x000000001a2fd000, RCX=0x0000000000000003, RDX=0x000000029f2a2980
RSP=0x000000001b2cc4f0, RBP=0x000000001b2cc640, RSI=0x000000001a2fd1f8, RDI=0x000000001a2fd000
R8 =0xffff800607171ec0, R9 =0x00007ff9f8e8e16f, R10=0x000000000000002f, R11=0x000000000000002f
R12=0x000000001b2cc880, R13=0x0000000000000000, R14=0x000000001b2cc878, R15=0x0000000000000000
RIP=0x0000000053d4ee93, EFLAGS=0x0000000000010202

Top of Stack: (sp=0x000000001b2cc4f0)
0x000000001b2cc4f0:   00007ff9f8e8e140 000000001a2fd000
0x000000001b2cc500:   000000001b2cc640 0000000000000000
0x000000001b2cc510:   000000001a2fd000 0000000000000000
0x000000001b2cc520:   0000000000000000 0000000000000000
0x000000001b2cc530:   00000000193affd0 00007ff9f8e66857
0x000000001b2cc540:   000000001a2fd1f8 000000001b2cc640
0x000000001b2cc550:   000000001a2fd000 0000000004941797
0x000000001b2cc560:   0000000004941aa0 0000000000000000
0x000000001b2cc570:   0000000000000000 0000000000000000
0x000000001b2cc580:   00000000049416a0 0000000019010000
0x000000001b2cc590:   000000001b2cc4f0 0000000000000000
0x000000001b2cc5a0:   0000000000000000 0000000000000000
0x000000001b2cc5b0:   0000000000000000 0000000000000000
0x000000001b2cc5c0:   0000000000000000 0000000000000000
0x000000001b2cc5d0:   000000001b2cc848 0000000000000000
0x000000001b2cc5e0:   000000001b2cc860 000000001b2cc858 

Instructions: (pc=0x0000000053d4ee93)
0x0000000053d4ee73:   00 00 48 8b 17 74 15 8b 52 08 8b 0d 25 49 66 00
0x0000000053d4ee83:   48 d3 e2 48 03 15 13 49 66 00 eb 04 48 8b 52 08
0x0000000053d4ee93:   48 8b 52 68 48 8b ce e8 11 7a 0d 00 48 83 7c 24
0x0000000053d4eea3:   28 00 48 8b f0 74 0a 48 8d 4c 24 20 e8 4c d1 13 


Register to memory mapping:

RAX=0x0000000000000000 is an unknown value
RBX=0x000000001a2fd000 is a thread
RCX=0x0000000000000003 is an unknown value
RDX=0x000000029f2a2980 is an unknown value
RSP=0x000000001b2cc4f0 is pointing into the stack for thread: 0x000000001a2fd000
RBP=0x000000001b2cc640 is pointing into the stack for thread: 0x000000001a2fd000
RSI=0x000000001a2fd1f8 is an unknown value
RDI=0x000000001a2fd000 is a thread
R8 =0xffff800607171ec0 is an unknown value
R9 =0x00007ff9f8e8e16f is an unknown value
R10=0x000000000000002f is an unknown value
R11=0x000000000000002f is an unknown value
R12=0x000000001b2cc880 is pointing into the stack for thread: 0x000000001a2fd000
R13=0x0000000000000000 is an unknown value
R14=0x000000001b2cc878 is pointing into the stack for thread: 0x000000001a2fd000
R15=0x0000000000000000 is an unknown value


Stack: [0x000000001b1d0000,0x000000001b2d0000],  sp=0x000000001b2cc4f0,  free space=1009k
Native frames: (J=compiled Java code, j=interpreted, Vv=VM code, C=native code)
V  [jvm.dll+0x13ee93]
C  [sqljdbc_auth.dll+0x6857]
C  0x00000000048f8c67

Java frames: (J=compiled Java code, j=interpreted, Vv=VM code)
j  com.microsoft.sqlserver.jdbc.AuthenticationJNI.SNISecGenClientContext([B[I[BI[B[I[ZLjava/lang/String;Ljava/lang/String;Ljava/lang/String;Ljava/util/logging/Logger;)I+0
j  com.microsoft.sqlserver.jdbc.AuthenticationJNI.GenerateClientContext([BI[B[I[Z)I+24
j  com.microsoft.sqlserver.jdbc.SQLServerConnection.SSPIData([B[B[I[ZLcom/microsoft/sqlserver/jdbc/AuthenticationJNI;)V+13
j  com.microsoft.sqlserver.jdbc.SQLServerConnection.sendLogon(Lcom/microsoft/sqlserver/jdbc/SQLServerConnection$LogonCommand;Lcom/microsoft/sqlserver/jdbc/AuthenticationJNI;)V+155
j  com.microsoft.sqlserver.jdbc.SQLServerConnection.logon(Lcom/microsoft/sqlserver/jdbc/SQLServerConnection$LogonCommand;)V+20
j  com.microsoft.sqlserver.jdbc.SQLServerConnection.access$000(Lcom/microsoft/sqlserver/jdbc/SQLServerConnection;Lcom/microsoft/sqlserver/jdbc/SQLServerConnection$LogonCommand;)V+2
j  com.microsoft.sqlserver.jdbc.SQLServerConnection$LogonCommand.doExecute()Z+5
j  com.microsoft.sqlserver.jdbc.TDSCommand.execute(Lcom/microsoft/sqlserver/jdbc/TDSWriter;Lcom/microsoft/sqlserver/jdbc/TDSReader;)Z+30
j  com.microsoft.sqlserver.jdbc.SQLServerConnection.executeCommand(Lcom/microsoft/sqlserver/jdbc/TDSCommand;)Z+45
j  com.microsoft.sqlserver.jdbc.SQLServerConnection.connectHelper(Lcom/microsoft/sqlserver/jdbc/ServerPortPlaceHolder;II)V+284
j  com.microsoft.sqlserver.jdbc.SQLServerConnection.login(Ljava/lang/String;Ljava/lang/String;ILjava/lang/String;Lcom/microsoft/sqlserver/jdbc/FailoverInfo;IJ)V+399
j  com.microsoft.sqlserver.jdbc.SQLServerConnection.connect(Ljava/util/Properties;Lcom/microsoft/sqlserver/jdbc/SQLServerPooledConnection;)Ljava/sql/Connection;+1929
j  com.microsoft.sqlserver.jdbc.SQLServerDriver.connect(Ljava/lang/String;Ljava/util/Properties;)Ljava/sql/Connection;+45
j  java.sql.DriverManager.getConnection(Ljava/lang/String;Ljava/util/Properties;Ljava/lang/Class;)Ljava/sql/Connection;+171
j  java.sql.DriverManager.getConnection(Ljava/lang/String;)Ljava/sql/Connection;+13
j  supermarket.AdminSignup.jButton1ActionPerformed(Ljava/awt/event/ActionEvent;)V+8
j  supermarket.AdminSignup.access$000(Lsupermarket/AdminSignup;Ljava/awt/event/ActionEvent;)V+2
j  supermarket.AdminSignup$1.actionPerformed(Ljava/awt/event/ActionEvent;)V+5
j  javax.swing.AbstractButton.fireActionPerformed(Ljava/awt/event/ActionEvent;)V+83
j  javax.swing.AbstractButton$Handler.actionPerformed(Ljava/awt/event/ActionEvent;)V+5
j  javax.swing.DefaultButtonModel.fireActionPerformed(Ljava/awt/event/ActionEvent;)V+34
j  javax.swing.DefaultButtonModel.setPressed(Z)V+117
j  javax.swing.plaf.basic.BasicButtonListener.mouseReleased(Ljava/awt/event/MouseEvent;)V+35
j  java.awt.Component.processMouseEvent(Ljava/awt/event/MouseEvent;)V+64
j  javax.swing.JComponent.processMouseEvent(Ljava/awt/event/MouseEvent;)V+23
j  java.awt.Component.processEvent(Ljava/awt/AWTEvent;)V+81
j  java.awt.Container.processEvent(Ljava/awt/AWTEvent;)V+18
j  java.awt.Component.dispatchEventImpl(Ljava/awt/AWTEvent;)V+589
J 950 C1 java.awt.Container.dispatchEventImpl(Ljava/awt/AWTEvent;)V (129 bytes) @ 0x0000000004c02004 [0x0000000004c01ec0+0x144]
J 949 C1 java.awt.Component.dispatchEvent(Ljava/awt/AWTEvent;)V (6 bytes) @ 0x0000000004c01b44 [0x0000000004c01a40+0x104]
j  java.awt.LightweightDispatcher.retargetMouseEvent(Ljava/awt/Component;ILjava/awt/event/MouseEvent;)V+327
j  java.awt.LightweightDispatcher.processMouseEvent(Ljava/awt/event/MouseEvent;)Z+155
j  java.awt.LightweightDispatcher.dispatchEvent(Ljava/awt/AWTEvent;)Z+50
J 950 C1 java.awt.Container.dispatchEventImpl(Ljava/awt/AWTEvent;)V (129 bytes) @ 0x0000000004c01fa4 [0x0000000004c01ec0+0xe4]
j  java.awt.Window.dispatchEventImpl(Ljava/awt/AWTEvent;)V+19
J 1025 C1 java.awt.EventQueue.dispatchEventImpl(Ljava/awt/AWTEvent;Ljava/lang/Object;)V (149 bytes) @ 0x0000000004c3557c [0x0000000004c33d40+0x183c]
J 1023 C1 java.awt.EventQueue$3.run()Ljava/lang/Void; (60 bytes) @ 0x0000000004c2cdcc [0x0000000004c2cbc0+0x20c]
J 1022 C1 java.awt.EventQueue$3.run()Ljava/lang/Object; (5 bytes) @ 0x0000000004c2c84c [0x0000000004c2c7c0+0x8c]
v  ~StubRoutines::call_stub
J 432  java.security.AccessController.doPrivileged(Ljava/security/PrivilegedAction;Ljava/security/AccessControlContext;)Ljava/lang/Object; (0 bytes) @ 0x0000000004ada666 [0x0000000004ada600+0x66]
J 1074 C1 java.awt.EventQueue$4.run()Ljava/lang/Object; (5 bytes) @ 0x0000000004c7eaec [0x0000000004c7e6c0+0x42c]
v  ~StubRoutines::call_stub
J 432  java.security.AccessController.doPrivileged(Ljava/security/PrivilegedAction;Ljava/security/AccessControlContext;)Ljava/lang/Object; (0 bytes) @ 0x0000000004ada666 [0x0000000004ada600+0x66]
J 906 C1 java.awt.EventQueue.dispatchEvent(Ljava/awt/AWTEvent;)V (80 bytes) @ 0x0000000004be917c [0x0000000004be8300+0xe7c]
J 1027 C1 java.awt.EventDispatchThread.pumpOneEventForFilters(I)V (295 bytes) @ 0x0000000004c301f4 [0x0000000004c2e540+0x1cb4]
j  java.awt.EventDispatchThread.pumpEventsForFilter(ILjava/awt/Conditional;Ljava/awt/EventFilter;)V+35
j  java.awt.EventDispatchThread.pumpEventsForHierarchy(ILjava/awt/Conditional;Ljava/awt/Component;)V+11
j  java.awt.EventDispatchThread.pumpEvents(ILjava/awt/Conditional;)V+4
j  java.awt.EventDispatchThread.pumpEvents(Ljava/awt/Conditional;)V+3
j  java.awt.EventDispatchThread.run()V+9
v  ~StubRoutines::call_stub

---------------  P R O C E S S  ---------------

Java Threads: ( => current thread )
  0x000000001a4eb000 JavaThread "TimerQueue" daemon [_thread_blocked, id=11280, stack(0x000000001c910000,0x000000001ca10000)]
  0x00000000047dd800 JavaThread "DestroyJavaVM" [_thread_blocked, id=10268, stack(0x0000000004680000,0x0000000004780000)]
=>0x000000001a2fd000 JavaThread "AWT-EventQueue-0" [_thread_in_vm, id=6612, stack(0x000000001b1d0000,0x000000001b2d0000)]
  0x000000001a295800 JavaThread "AWT-Windows" daemon [_thread_in_native, id=8728, stack(0x000000001ac00000,0x000000001ad00000)]
  0x000000001a292800 JavaThread "AWT-Shutdown" [_thread_blocked, id=5948, stack(0x000000001ab00000,0x000000001ac00000)]
  0x000000001a292000 JavaThread "Java2D Disposer" daemon [_thread_blocked, id=9608, stack(0x000000001aa00000,0x000000001ab00000)]
  0x000000001929a800 JavaThread "Service Thread" daemon [_thread_blocked, id=1228, stack(0x0000000019ec0000,0x0000000019fc0000)]
  0x000000001730c000 JavaThread "C1 CompilerThread3" daemon [_thread_blocked, id=7424, stack(0x0000000019dc0000,0x0000000019ec0000)]
  0x0000000017309000 JavaThread "C2 CompilerThread2" daemon [_thread_blocked, id=12988, stack(0x0000000019cc0000,0x0000000019dc0000)]
  0x0000000019201800 JavaThread "C2 CompilerThread1" daemon [_thread_blocked, id=4484, stack(0x0000000019bc0000,0x0000000019cc0000)]
  0x00000000191fc800 JavaThread "C2 CompilerThread0" daemon [_thread_blocked, id=7660, stack(0x0000000019ac0000,0x0000000019bc0000)]
  0x00000000191fb800 JavaThread "Attach Listener" daemon [_thread_blocked, id=13268, stack(0x00000000199c0000,0x0000000019ac0000)]
  0x0000000019206800 JavaThread "Signal Dispatcher" daemon [_thread_blocked, id=5276, stack(0x00000000198c0000,0x00000000199c0000)]
  0x00000000048de800 JavaThread "Finalizer" daemon [_thread_blocked, id=9508, stack(0x00000000195d0000,0x00000000196d0000)]
  0x00000000048d5000 JavaThread "Reference Handler" daemon [_thread_blocked, id=9416, stack(0x00000000190d0000,0x00000000191d0000)]

Other Threads:
  0x00000000172f9800 VMThread [stack: 0x0000000018fd0000,0x00000000190d0000] [id=12748]
  0x00000000192b3800 WatcherThread [stack: 0x0000000019fc0000,0x000000001a0c0000] [id=11744]

VM state:not at safepoint (normal execution)

VM Mutex/Monitor currently owned by a thread: None

Heap:
 PSYoungGen      total 21504K, used 18526K [0x00000000eb400000, 0x00000000ed800000, 0x0000000100000000)
  eden space 19968K, 86% used [0x00000000eb400000,0x00000000ec4d55e8,0x00000000ec780000)
  from space 1536K, 83% used [0x00000000ed680000,0x00000000ed7c2288,0x00000000ed800000)
  to   space 2560K, 0% used [0x00000000ed300000,0x00000000ed300000,0x00000000ed580000)
 ParOldGen       total 62464K, used 17445K [0x00000000c1c00000, 0x00000000c5900000, 0x00000000eb400000)
  object space 62464K, 27% used [0x00000000c1c00000,0x00000000c2d096d8,0x00000000c5900000)
 Metaspace       used 17064K, capacity 17362K, committed 17536K, reserved 1064960K
  class space    used 2044K, capacity 2143K, committed 2176K, reserved 1048576K

Card table byte_map: [0x0000000013ca0000,0x0000000013ea0000] byte_map_base: 0x0000000013692000

Marking Bits: (ParMarkBitMap*) 0x000000005442f860
 Begin Bits: [0x00000000147f0000, 0x0000000015780000)
 End Bits:   [0x0000000015780000, 0x0000000016710000)

Polling page: 0x00000000005e0000

CodeCache: size=245760Kb used=5430Kb max_used=5430Kb free=240329Kb
 bounds [0x00000000048e0000, 0x0000000004e40000, 0x00000000138e0000]
 total_blobs=2294 nmethods=1741 adapters=465
 compilation: enabled

Compilation events (10 events):
Event: 13.582 Thread 0x000000001730c000 1737       1       java.net.URLClassLoader::access$000 (5 bytes)
Event: 13.582 Thread 0x000000001730c000 nmethod 1737 0x0000000004e272d0 code [0x0000000004e27420, 0x0000000004e27510]
Event: 13.582 Thread 0x000000001730c000 1738       3       sun.net.www.ParseUtil::encodePath (336 bytes)
Event: 13.583 Thread 0x000000001730c000 nmethod 1738 0x0000000004e2ce90 code [0x0000000004e2d100, 0x0000000004e2e118]
Event: 13.589 Thread 0x000000001730c000 1739       3       com.sun.crypto.provider.AESCrypt::mul4 (181 bytes)
Event: 13.590 Thread 0x000000001730c000 nmethod 1739 0x0000000004e2e890 code [0x0000000004e2eaa0, 0x0000000004e2f4d0]
Event: 13.597 Thread 0x000000001730c000 1740       3       java.lang.ref.SoftReference::<init> (14 bytes)
Event: 13.597 Thread 0x000000001730c000 nmethod 1740 0x0000000004e2fd50 code [0x0000000004e2fec0, 0x0000000004e30170]
Event: 13.597 Thread 0x000000001730c000 1741       1       java.util.logging.Level::intValue (5 bytes)
Event: 13.597 Thread 0x000000001730c000 nmethod 1741 0x0000000004e30250 code [0x0000000004e303a0, 0x0000000004e304b0]

GC Heap History (6 events):
Event: 0.627 GC heap before
{Heap before GC invocations=1 (full 0):
 PSYoungGen      total 18944K, used 16384K [0x00000000eb400000, 0x00000000ec900000, 0x0000000100000000)
  eden space 16384K, 100% used [0x00000000eb400000,0x00000000ec400000,0x00000000ec400000)
  from space 2560K, 0% used [0x00000000ec680000,0x00000000ec680000,0x00000000ec900000)
  to   space 2560K, 0% used [0x00000000ec400000,0x00000000ec400000,0x00000000ec680000)
 ParOldGen       total 44032K, used 0K [0x00000000c1c00000, 0x00000000c4700000, 0x00000000eb400000)
  object space 44032K, 0% used [0x00000000c1c00000,0x00000000c1c00000,0x00000000c4700000)
 Metaspace       used 10943K, capacity 11148K, committed 11520K, reserved 1058816K
  class space    used 1380K, capacity 1450K, committed 1536K, reserved 1048576K
Event: 0.638 GC heap after
Heap after GC invocations=1 (full 0):
 PSYoungGen      total 18944K, used 2256K [0x00000000eb400000, 0x00000000ed900000, 0x0000000100000000)
  eden space 16384K, 0% used [0x00000000eb400000,0x00000000eb400000,0x00000000ec400000)
  from space 2560K, 88% used [0x00000000ec400000,0x00000000ec634010,0x00000000ec680000)
  to   space 2560K, 0% used [0x00000000ed680000,0x00000000ed680000,0x00000000ed900000)
 ParOldGen       total 44032K, used 24316K [0x00000000c1c00000, 0x00000000c4700000, 0x00000000eb400000)
  object space 44032K, 55% used [0x00000000c1c00000,0x00000000c33bf030,0x00000000c4700000)
 Metaspace       used 10943K, capacity 11148K, committed 11520K, reserved 1058816K
  class space    used 1380K, capacity 1450K, committed 1536K, reserved 1048576K
}
Event: 0.638 GC heap before
{Heap before GC invocations=2 (full 1):
 PSYoungGen      total 18944K, used 2256K [0x00000000eb400000, 0x00000000ed900000, 0x0000000100000000)
  eden space 16384K, 0% used [0x00000000eb400000,0x00000000eb400000,0x00000000ec400000)
  from space 2560K, 88% used [0x00000000ec400000,0x00000000ec634010,0x00000000ec680000)
  to   space 2560K, 0% used [0x00000000ed680000,0x00000000ed680000,0x00000000ed900000)
 ParOldGen       total 44032K, used 24316K [0x00000000c1c00000, 0x00000000c4700000, 0x00000000eb400000)
  object space 44032K, 55% used [0x00000000c1c00000,0x00000000c33bf030,0x00000000c4700000)
 Metaspace       used 10943K, capacity 11148K, committed 11520K, reserved 1058816K
  class space    used 1380K, capacity 1450K, committed 1536K, reserved 1048576K
Event: 0.659 GC heap after
Heap after GC invocations=2 (full 1):
 PSYoungGen      total 18944K, used 0K [0x00000000eb400000, 0x00000000ed900000, 0x0000000100000000)
  eden space 16384K, 0% used [0x00000000eb400000,0x00000000eb400000,0x00000000ec400000)
  from space 2560K, 0% used [0x00000000ec400000,0x00000000ec400000,0x00000000ec680000)
  to   space 2560K, 0% used [0x00000000ed680000,0x00000000ed680000,0x00000000ed900000)
 ParOldGen       total 62464K, used 10244K [0x00000000c1c00000, 0x00000000c5900000, 0x00000000eb400000)
  object space 62464K, 16% used [0x00000000c1c00000,0x00000000c26012c8,0x00000000c5900000)
 Metaspace       used 10943K, capacity 11148K, committed 11520K, reserved 1058816K
  class space    used 1380K, capacity 1450K, committed 1536K, reserved 1048576K
}
Event: 12.511 GC heap before
{Heap before GC invocations=3 (full 1):
 PSYoungGen      total 18944K, used 16384K [0x00000000eb400000, 0x00000000ed900000, 0x0000000100000000)
  eden space 16384K, 100% used [0x00000000eb400000,0x00000000ec400000,0x00000000ec400000)
  from space 2560K, 0% used [0x00000000ec400000,0x00000000ec400000,0x00000000ec680000)
  to   space 2560K, 0% used [0x00000000ed680000,0x00000000ed680000,0x00000000ed900000)
 ParOldGen       total 62464K, used 10244K [0x00000000c1c00000, 0x00000000c5900000, 0x00000000eb400000)
  object space 62464K, 16% used [0x00000000c1c00000,0x00000000c26012c8,0x00000000c5900000)
 Metaspace       used 13945K, capacity 14204K, committed 14464K, reserved 1062912K
  class space    used 1726K, capacity 1804K, committed 1920K, reserved 1048576K
Event: 12.515 GC heap after
Heap after GC invocations=3 (full 1):
 PSYoungGen      total 21504K, used 1288K [0x00000000eb400000, 0x00000000ed800000, 0x0000000100000000)
  eden space 19968K, 0% used [0x00000000eb400000,0x00000000eb400000,0x00000000ec780000)
  from space 1536K, 83% used [0x00000000ed680000,0x00000000ed7c2288,0x00000000ed800000)
  to   space 2560K, 0% used [0x00000000ed300000,0x00000000ed300000,0x00000000ed580000)
 ParOldGen       total 62464K, used 17445K [0x00000000c1c00000, 0x00000000c5900000, 0x00000000eb400000)
  object space 62464K, 27% used [0x00000000c1c00000,0x00000000c2d096d8,0x00000000c5900000)
 Metaspace       used 13945K, capacity 14204K, committed 14464K, reserved 1062912K
  class space    used 1726K, capacity 1804K, committed 1920K, reserved 1048576K
}

Deoptimization events (10 events):
Event: 3.910 Thread 0x000000001a2fd000 Uncommon trap: reason=class_check action=maybe_recompile pc=0x00000000049fd668 method=java.lang.String.equals(Ljava/lang/Object;)Z @ 8
Event: 3.910 Thread 0x000000001a2fd000 Uncommon trap: reason=class_check action=maybe_recompile pc=0x00000000049fd668 method=java.lang.String.equals(Ljava/lang/Object;)Z @ 8
Event: 4.020 Thread 0x000000001a2fd000 Uncommon trap: reason=class_check action=maybe_recompile pc=0x00000000049fd668 method=java.lang.String.equals(Ljava/lang/Object;)Z @ 8
Event: 4.020 Thread 0x000000001a2fd000 Uncommon trap: reason=class_check action=maybe_recompile pc=0x00000000049fd668 method=java.lang.String.equals(Ljava/lang/Object;)Z @ 8
Event: 12.729 Thread 0x000000001a2fd000 Uncommon trap: reason=class_check action=maybe_recompile pc=0x0000000004cda8fc method=java.util.HashMap.putVal(ILjava/lang/Object;Ljava/lang/Object;ZZ)Ljava/lang/Object; @ 253
Event: 12.729 Thread 0x000000001a2fd000 Uncommon trap: reason=class_check action=maybe_recompile pc=0x0000000004cda8fc method=java.util.HashMap.putVal(ILjava/lang/Object;Ljava/lang/Object;ZZ)Ljava/lang/Object; @ 253
Event: 12.729 Thread 0x000000001a2fd000 Uncommon trap: reason=class_check action=maybe_recompile pc=0x0000000004cda8fc method=java.util.HashMap.putVal(ILjava/lang/Object;Ljava/lang/Object;ZZ)Ljava/lang/Object; @ 253
Event: 12.729 Thread 0x000000001a2fd000 Uncommon trap: reason=class_check action=maybe_recompile pc=0x0000000004cda8fc method=java.util.HashMap.putVal(ILjava/lang/Object;Ljava/lang/Object;ZZ)Ljava/lang/Object; @ 253
Event: 12.942 Thread 0x000000001a2fd000 Uncommon trap: reason=class_check action=maybe_recompile pc=0x0000000004d0895c method=java.util.regex.Pattern$BmpCharProperty.match(Ljava/util/regex/Matcher;ILjava/lang/CharSequence;)Z @ 31
Event: 12.942 Thread 0x000000001a2fd000 Uncommon trap: reason=unstable_if action=reinterpret pc=0x0000000004d088f8 method=java.util.regex.Pattern$BmpCharProperty.match(Ljava/util/regex/Matcher;ILjava/lang/CharSequence;)Z @ 5

Classes redefined (0 events):
No events

Internal exceptions (10 events):
Event: 0.396 Thread 0x00000000047dd800 Exception <a 'java/lang/ClassNotFoundException': ToolBar> (0x00000000eb780300) thrown at [C:\re\workspace\8-2-build-windows-amd64-cygwin\jdk8u161\10277\hotspot\src\share\vm\classfile\systemDictionary.cpp, line 210]
Event: 0.396 Thread 0x00000000047dd800 Exception <a 'java/lang/ClassNotFoundException': ToggleButton> (0x00000000eb7808b0) thrown at [C:\re\workspace\8-2-build-windows-amd64-cygwin\jdk8u161\10277\hotspot\src\share\vm\classfile\systemDictionary.cpp, line 210]
Event: 0.396 Thread 0x00000000047dd800 Exception <a 'java/lang/ClassNotFoundException': javax/swing/JToolBarSeparator> (0x00000000eb780d10) thrown at [C:\re\workspace\8-2-build-windows-amd64-cygwin\jdk8u161\10277\hotspot\src\share\vm\classfile\systemDictionary.cpp, line 210]
Event: 0.397 Thread 0x00000000047dd800 Exception <a 'java/lang/ClassNotFoundException': ToolBarSeparator> (0x00000000eb7811a8) thrown at [C:\re\workspace\8-2-build-windows-amd64-cygwin\jdk8u161\10277\hotspot\src\share\vm\classfile\systemDictionary.cpp, line 210]
Event: 0.397 Thread 0x00000000047dd800 Exception <a 'java/lang/ClassNotFoundException': ToolTip> (0x00000000eb7818e8) thrown at [C:\re\workspace\8-2-build-windows-amd64-cygwin\jdk8u161\10277\hotspot\src\share\vm\classfile\systemDictionary.cpp, line 210]
Event: 0.398 Thread 0x00000000047dd800 Exception <a 'java/lang/ClassNotFoundException': Tree> (0x00000000eb782508) thrown at [C:\re\workspace\8-2-build-windows-amd64-cygwin\jdk8u161\10277\hotspot\src\share\vm\classfile\systemDictionary.cpp, line 210]
Event: 0.398 Thread 0x00000000047dd800 Exception <a 'java/lang/ClassNotFoundException': Tree> (0x00000000eb782c48) thrown at [C:\re\workspace\8-2-build-windows-amd64-cygwin\jdk8u161\10277\hotspot\src\share\vm\classfile\systemDictionary.cpp, line 210]
Event: 0.398 Thread 0x00000000047dd800 Exception <a 'java/lang/ClassNotFoundException': javax/swing/JTreeCell> (0x00000000eb782fc8) thrown at [C:\re\workspace\8-2-build-windows-amd64-cygwin\jdk8u161\10277\hotspot\src\share\vm\classfile\systemDictionary.cpp, line 210]
Event: 0.398 Thread 0x00000000047dd800 Exception <a 'java/lang/ClassNotFoundException': TreeCell> (0x00000000eb783450) thrown at [C:\re\workspace\8-2-build-windows-amd64-cygwin\jdk8u161\10277\hotspot\src\share\vm\classfile\systemDictionary.cpp, line 210]
Event: 0.399 Thread 0x00000000047dd800 Exception <a 'java/lang/ClassNotFoundException': RootPane> (0x00000000eb783eb0) thrown at [C:\re\workspace\8-2-build-windows-amd64-cygwin\jdk8u161\10277\hotspot\src\share\vm\classfile\systemDictionary.cpp, line 210]

Events (10 events):
Event: 13.594 loading class com/sun/crypto/provider/HmacCore
Event: 13.594 loading class com/sun/crypto/provider/HmacCore done
Event: 13.594 loading class javax/crypto/MacSpi
Event: 13.594 loading class javax/crypto/MacSpi done
Event: 13.596 loading class sun/security/ssl/CipherBox$1
Event: 13.596 loading class sun/security/ssl/CipherBox$1 done
Event: 13.597 loading class com/microsoft/sqlserver/jdbc/AuthenticationJNI
Event: 13.597 loading class com/microsoft/sqlserver/jdbc/AuthenticationJNI done
Event: 13.598 loading class java/lang/ClassLoaderHelper
Event: 13.598 loading class java/lang/ClassLoaderHelper done


Dynamic libraries:
0x00007ff601510000 - 0x00007ff601547000 	C:\Program Files\Java\jdk1.8.0_161\bin\java.exe
0x00007ffa20f90000 - 0x00007ffa21170000 	C:\Windows\SYSTEM32\ntdll.dll
0x00007ffa1e6a0000 - 0x00007ffa1e74e000 	C:\Windows\System32\KERNEL32.DLL
0x00007ffa1dc50000 - 0x00007ffa1deb6000 	C:\Windows\System32\KERNELBASE.dll
0x00007ffa1ee10000 - 0x00007ffa1eeb1000 	C:\Windows\System32\ADVAPI32.dll
0x00007ffa1e5f0000 - 0x00007ffa1e68d000 	C:\Windows\System32\msvcrt.dll
0x00007ffa207a0000 - 0x00007ffa207fb000 	C:\Windows\System32\sechost.dll
0x00007ffa20c60000 - 0x00007ffa20d7f000 	C:\Windows\System32\RPCRT4.dll
0x00007ffa1ea60000 - 0x00007ffa1ebef000 	C:\Windows\System32\USER32.dll
0x00007ffa1e340000 - 0x00007ffa1e360000 	C:\Windows\System32\win32u.dll
0x00007ffa20770000 - 0x00007ffa20798000 	C:\Windows\System32\GDI32.dll
0x00007ffa1e1a0000 - 0x00007ffa1e333000 	C:\Windows\System32\gdi32full.dll
0x00007ffa1d3e0000 - 0x00007ffa1d47b000 	C:\Windows\System32\msvcp_win.dll
0x00007ffa1e360000 - 0x00007ffa1e456000 	C:\Windows\System32\ucrtbase.dll
0x00007ffa0ff30000 - 0x00007ffa10199000 	C:\Windows\WinSxS\amd64_microsoft.windows.common-controls_6595b64144ccf1df_6.0.16299.431_none_15c7d3ee93659e73\COMCTL32.dll
0x00007ffa1e750000 - 0x00007ffa1ea58000 	C:\Windows\System32\combase.dll
0x00007ffa1dbd0000 - 0x00007ffa1dc42000 	C:\Windows\System32\bcryptPrimitives.dll
0x00007ffa20610000 - 0x00007ffa2063d000 	C:\Windows\System32\IMM32.DLL
0x0000000053b30000 - 0x0000000053c02000 	C:\Program Files\Java\jdk1.8.0_161\jre\bin\msvcr100.dll
0x0000000053c10000 - 0x00000000544af000 	C:\Program Files\Java\jdk1.8.0_161\jre\bin\server\jvm.dll
0x00007ffa1e690000 - 0x00007ffa1e698000 	C:\Windows\System32\PSAPI.DLL
0x00007ffa17b60000 - 0x00007ffa17b69000 	C:\Windows\SYSTEM32\WSOCK32.dll
0x00007ffa0f6f0000 - 0x00007ffa0f713000 	C:\Windows\SYSTEM32\WINMM.dll
0x00007ffa13a20000 - 0x00007ffa13a2a000 	C:\Windows\SYSTEM32\VERSION.dll
0x00007ffa20d80000 - 0x00007ffa20dec000 	C:\Windows\System32\WS2_32.dll
0x00007ffa0f6c0000 - 0x00007ffa0f6ea000 	C:\Windows\SYSTEM32\winmmbase.dll
0x00007ffa1d390000 - 0x00007ffa1d3da000 	C:\Windows\System32\cfgmgr32.dll
0x0000000053ae0000 - 0x0000000053aef000 	C:\Program Files\Java\jdk1.8.0_161\jre\bin\verify.dll
0x0000000053ab0000 - 0x0000000053ad9000 	C:\Program Files\Java\jdk1.8.0_161\jre\bin\java.dll
0x0000000053a90000 - 0x0000000053aa6000 	C:\Program Files\Java\jdk1.8.0_161\jre\bin\zip.dll
0x00007ffa1ef30000 - 0x00007ffa20368000 	C:\Windows\System32\SHELL32.dll
0x00007ffa206c0000 - 0x00007ffa20766000 	C:\Windows\System32\shcore.dll
0x00007ffa1d480000 - 0x00007ffa1dbc7000 	C:\Windows\System32\windows.storage.dll
0x00007ffa1eec0000 - 0x00007ffa1ef11000 	C:\Windows\System32\shlwapi.dll
0x00007ffa1d2e0000 - 0x00007ffa1d2f1000 	C:\Windows\System32\kernel.appcore.dll
0x00007ffa1d340000 - 0x00007ffa1d38c000 	C:\Windows\System32\powrprof.dll
0x00007ffa1d320000 - 0x00007ffa1d33b000 	C:\Windows\System32\profapi.dll
0x00000000538b0000 - 0x0000000053a48000 	C:\Program Files\Java\jdk1.8.0_161\jre\bin\awt.dll
0x00007ffa1ebf0000 - 0x00007ffa1ecb5000 	C:\Windows\System32\OLEAUT32.dll
0x00007ffa1ad30000 - 0x00007ffa1adb8000 	C:\Windows\SYSTEM32\apphelp.dll
0x00007ffa1b460000 - 0x00007ffa1b4f5000 	C:\Windows\system32\uxtheme.dll
0x00007ffa1e480000 - 0x00007ffa1e5e7000 	C:\Windows\System32\MSCTF.dll
0x00007ffa1ba20000 - 0x00007ffa1ba4a000 	C:\Windows\system32\dwmapi.dll
0x00007ffa1ecc0000 - 0x00007ffa1ee09000 	C:\Windows\System32\ole32.dll
0x0000000053860000 - 0x00000000538a7000 	C:\Program Files\Java\jdk1.8.0_161\jre\bin\fontmanager.dll
0x00007ff9f7bb0000 - 0x00007ff9f7cce000 	C:\Windows\system32\opengl32.dll
0x00007ffa0ed00000 - 0x00007ffa0ed2c000 	C:\Windows\SYSTEM32\GLU32.dll
0x0000000053790000 - 0x00000000537c1000 	C:\Program Files\Java\jdk1.8.0_161\jre\bin\jpeg.dll
0x00007ffa20370000 - 0x00007ffa2040e000 	C:\Windows\System32\clbcatq.dll
0x00007ffa0d300000 - 0x00007ffa0d4ab000 	C:\Windows\SYSTEM32\WindowsCodecs.dll
0x00007ffa0a580000 - 0x00007ffa0a5cf000 	C:\Windows\system32\dataexchange.dll
0x00007ffa18e80000 - 0x00007ffa18fc2000 	C:\Windows\system32\dcomp.dll
0x00007ffa19150000 - 0x00007ffa19432000 	C:\Windows\system32\d3d11.dll
0x00007ffa1c140000 - 0x00007ffa1c1ef000 	C:\Windows\system32\dxgi.dll
0x00007ffa1ba50000 - 0x00007ffa1bbcb000 	C:\Windows\system32\twinapi.appcore.dll
0x00007ffa1bc40000 - 0x00007ffa1bc60000 	C:\Windows\system32\RMCLIENT.dll
0x00007ffa1ce40000 - 0x00007ffa1ce65000 	C:\Windows\system32\bcrypt.dll
0x0000000053a70000 - 0x0000000053a8a000 	C:\Program Files\Java\jdk1.8.0_161\jre\bin\net.dll
0x00007ffa1cb70000 - 0x00007ffa1cbd6000 	C:\Windows\system32\mswsock.dll
0x0000000053a50000 - 0x0000000053a61000 	C:\Program Files\Java\jdk1.8.0_161\jre\bin\nio.dll
0x0000000053810000 - 0x0000000053852000 	C:\Program Files\Java\jdk1.8.0_161\jre\bin\t2k.dll
0x00007ffa14ef0000 - 0x00007ffa14f88000 	C:\Windows\System32\TextInputFramework.dll
0x00007ffa0def0000 - 0x00007ffa0e1de000 	C:\Windows\System32\CoreUIComponents.dll
0x00007ffa18cc0000 - 0x00007ffa18d9c000 	C:\Windows\System32\CoreMessaging.dll
0x00007ffa1c410000 - 0x00007ffa1c441000 	C:\Windows\SYSTEM32\ntmarta.dll
0x00007ffa1a6e0000 - 0x00007ffa1a816000 	C:\Windows\SYSTEM32\wintypes.dll
0x00000000537d0000 - 0x00000000537fa000 	C:\Program Files\Java\jdk1.8.0_161\jre\bin\dcpr.dll
0x00007ffa1c940000 - 0x00007ffa1c9f6000 	C:\Windows\SYSTEM32\DNSAPI.dll
0x00007ffa20c50000 - 0x00007ffa20c58000 	C:\Windows\System32\NSI.dll
0x00007ffa1c900000 - 0x00007ffa1c939000 	C:\Windows\SYSTEM32\IPHLPAPI.DLL
0x00007ffa14c80000 - 0x00007ffa14c8a000 	C:\Windows\System32\rasadhlp.dll
0x00007ffa17160000 - 0x00007ffa171d0000 	C:\Windows\System32\fwpuclnt.dll
0x0000000053760000 - 0x0000000053784000 	C:\Program Files\Java\jdk1.8.0_161\jre\bin\sunec.dll
0x00007ffa15f10000 - 0x00007ffa15f26000 	C:\Windows\SYSTEM32\dhcpcsvc6.DLL
0x00007ffa15ef0000 - 0x00007ffa15f0a000 	C:\Windows\SYSTEM32\dhcpcsvc.DLL
0x00007ffa1cd30000 - 0x00007ffa1cd47000 	C:\Windows\SYSTEM32\CRYPTSP.dll
0x00007ffa1c770000 - 0x00007ffa1c7a3000 	C:\Windows\system32\rsaenh.dll
0x00007ffa1d1e0000 - 0x00007ffa1d209000 	C:\Windows\SYSTEM32\USERENV.dll
0x00007ffa1cd50000 - 0x00007ffa1cd5b000 	C:\Windows\SYSTEM32\CRYPTBASE.dll
0x0000000053750000 - 0x000000005375b000 	C:\Program Files\Java\jdk1.8.0_161\jre\bin\sunmscapi.dll
0x00007ffa1dec0000 - 0x00007ffa1e08e000 	C:\Windows\System32\CRYPT32.dll
0x00007ffa1d300000 - 0x00007ffa1d312000 	C:\Windows\System32\MSASN1.dll
0x00007ff9f8e60000 - 0x00007ff9f8eac000 	C:\Program Files\Java\jdk1.8.0_161\bin\sqljdbc_auth.dll
0x00007ffa12880000 - 0x00007ffa1288c000 	C:\Windows\system32\secur32.dll
0x00007ffa1d210000 - 0x00007ffa1d240000 	C:\Windows\SYSTEM32\SSPICLI.DLL
0x00007ffa1cc30000 - 0x00007ffa1cd24000 	C:\Windows\system32\kerberos.DLL
0x00007ffa1cb00000 - 0x00007ffa1cb6b000 	C:\Windows\system32\msv1_0.DLL
0x00007ffa1caf0000 - 0x00007ffa1cafd000 	C:\Windows\SYSTEM32\NtlmShared.dll
0x00007ffa1cbe0000 - 0x00007ffa1cbf4000 	C:\Windows\SYSTEM32\cryptdll.dll
0x00007ffa099c0000 - 0x00007ffa099e8000 	C:\Windows\system32\ntdsapi.dll
0x00007ffa14b20000 - 0x00007ffa14b36000 	C:\Windows\system32\napinsp.dll
0x00007ffa141d0000 - 0x00007ffa141ea000 	C:\Windows\system32\pnrpnsp.dll
0x00007ffa183e0000 - 0x00007ffa183f8000 	C:\Windows\system32\NLAapi.dll
0x00007ffa16fc0000 - 0x00007ffa16fce000 	C:\Windows\System32\winrnr.dll
0x00007ffa152d0000 - 0x00007ffa152e5000 	C:\Windows\System32\wshbth.dll
0x00007ffa172d0000 - 0x00007ffa17498000 	C:\Windows\SYSTEM32\dbghelp.dll

VM Arguments:
jvm_args: -Dfile.encoding=UTF-8 
java_command: supermarket.AdminSignup
java_class_path (initial): C:\Program Files\NetBeans 8.2\java\modules\ext\AbsoluteLayout.jar;E:\JAVA_DB\sqljdbc4-2.0.jar;C:\Users\zeesh\OneDrive\Documents\NetBeansProjects\SuperMarket\build\classes
Launcher Type: SUN_STANDARD

Environment Variables:
PATH=C:\ProgramData\Oracle\Java\javapath;C:\Windows\system32;C:\Windows;C:\Windows\System32\Wbem;C:\Windows\System32\WindowsPowerShell\v1.0\;C:\Program Files\Microsoft SQL Server\Client SDK\ODBC\130\Tools\Binn\;C:\Program Files (x86)\Microsoft SQL Server\140\Tools\Binn\;C:\Program Files\Microsoft SQL Server\140\Tools\Binn\;C:\Program Files\Microsoft SQL Server\140\DTS\Binn\;C:\Program Files (x86)\Microsoft SQL Server\Client SDK\ODBC\130\Tools\Binn\;C:\Program Files (x86)\Microsoft SQL Server\140\DTS\Binn\;C:\Program Files (x86)\Microsoft SQL Server\140\Tools\Binn\ManagementStudio\;C:\Users\zeesh\AppData\Local\Microsoft\WindowsApps;
USERNAME=zeesh
OS=Windows_NT
PROCESSOR_IDENTIFIER=Intel64 Family 6 Model 42 Stepping 7, GenuineIntel



---------------  S Y S T E M  ---------------

OS: Windows 10.0 , 64 bit Build 16299 (10.0.16299.431)

CPU:total 8 (initial active 8) (4 cores per cpu, 2 threads per core) family 6 model 42 stepping 7, cmov, cx8, fxsr, mmx, sse, sse2, sse3, ssse3, sse4.1, sse4.2, popcnt, avx, aes, clmul, ht, tsc, tscinvbit

Memory: 4k page, physical 4072340k(1710832k free), swap 7067540k(3817992k free)

vm_info: Java HotSpot(TM) 64-Bit Server VM (25.161-b12) for windows-amd64 JRE (1.8.0_161-b12), built on Dec 19 2017 17:52:25 by "java_re" with MS VC++ 10.0 (VS2010)

time: Mon May 21 10:12:26 2018
elapsed time: 13 seconds (0d 0h 0m 13s)

