#
# A fatal error has been detected by the Java Runtime Environment:
#
#  EXCEPTION_ACCESS_VIOLATION (0xc0000005) at pc=0x0000000053d4ee93, pid=13228, tid=0x0000000000001b44
#
# JRE version: Java(TM) SE Runtime Environment (8.0_161-b12) (build 1.8.0_161-b12)
# Java VM: Java HotSpot(TM) 64-Bit Server VM (25.161-b12 mixed mode windows-amd64 compressed oops)
# Problematic frame:
# V  [jvm.dll+0x13ee93]
#
# Failed to write core dump. Minidumps are not enabled by default on client versions of Windows
#
# If you would like to submit a bug report, please visit:
#   http://bugreport.java.com/bugreport/crash.jsp
#

---------------  T H R E A D  ---------------

Current thread (0x000000001ac10800):  JavaThread "AWT-EventQueue-0" [_thread_in_vm, id=6980, stack(0x000000001bb50000,0x000000001bc50000)]

siginfo: ExceptionCode=0xc0000005, reading address 0x000000029f2a29e8

Registers:
RAX=0x0000000000000000, RBX=0x000000001ac10800, RCX=0x0000000000000003, RDX=0x000000029f2a2980
RSP=0x000000001bc4bf30, RBP=0x000000001bc4c080, RSI=0x000000001ac109f8, RDI=0x000000001ac10800
R8 =0xffff800607171ec0, R9 =0x00007ff9f8e8e16f, R10=0x000000000000002f, R11=0x000000000000002f
R12=0x000000001bc4c2c0, R13=0x0000000000000000, R14=0x000000001bc4c2b8, R15=0x0000000000000000
RIP=0x0000000053d4ee93, EFLAGS=0x0000000000010202

Top of Stack: (sp=0x000000001bc4bf30)
0x000000001bc4bf30:   00007ff9f8e8e140 000000001ac10800
0x000000001bc4bf40:   000000001bc4c080 0000000000000000
0x000000001bc4bf50:   000000001ac10800 0000000000000000
0x000000001bc4bf60:   0000000000000000 0000000000000000
0x000000001bc4bf70:   0000000019c67b20 00007ff9f8e66857
0x000000001bc4bf80:   000000001ac109f8 000000001bc4c080
0x000000001bc4bf90:   000000001ac10800 0000000005271797
0x000000001bc4bfa0:   0000000005271aa0 0000000000000000
0x000000001bc4bfb0:   0000000000000000 0000000000000000
0x000000001bc4bfc0:   00000000052716a0 0000000019010000
0x000000001bc4bfd0:   000000001bc4bf30 0000000000000000
0x000000001bc4bfe0:   0000000000000000 0000000000000000
0x000000001bc4bff0:   0000000000000000 0000000000000000
0x000000001bc4c000:   0000000000000000 0000000000000000
0x000000001bc4c010:   000000001bc4c288 0000000000000000
0x000000001bc4c020:   000000001bc4c2a0 000000001bc4c298 

Instructions: (pc=0x0000000053d4ee93)
0x0000000053d4ee73:   00 00 48 8b 17 74 15 8b 52 08 8b 0d 25 49 66 00
0x0000000053d4ee83:   48 d3 e2 48 03 15 13 49 66 00 eb 04 48 8b 52 08
0x0000000053d4ee93:   48 8b 52 68 48 8b ce e8 11 7a 0d 00 48 83 7c 24
0x0000000053d4eea3:   28 00 48 8b f0 74 0a 48 8d 4c 24 20 e8 4c d1 13 


Register to memory mapping:

RAX=0x0000000000000000 is an unknown value
RBX=0x000000001ac10800 is a thread
RCX=0x0000000000000003 is an unknown value
RDX=0x000000029f2a2980 is an unknown value
RSP=0x000000001bc4bf30 is pointing into the stack for thread: 0x000000001ac10800
RBP=0x000000001bc4c080 is pointing into the stack for thread: 0x000000001ac10800
RSI=0x000000001ac109f8 is an unknown value
RDI=0x000000001ac10800 is a thread
R8 =0xffff800607171ec0 is an unknown value
R9 =0x00007ff9f8e8e16f is an unknown value
R10=0x000000000000002f is an unknown value
R11=0x000000000000002f is an unknown value
R12=0x000000001bc4c2c0 is pointing into the stack for thread: 0x000000001ac10800
R13=0x0000000000000000 is an unknown value
R14=0x000000001bc4c2b8 is pointing into the stack for thread: 0x000000001ac10800
R15=0x0000000000000000 is an unknown value


Stack: [0x000000001bb50000,0x000000001bc50000],  sp=0x000000001bc4bf30,  free space=1007k
Native frames: (J=compiled Java code, j=interpreted, Vv=VM code, C=native code)
V  [jvm.dll+0x13ee93]
C  [sqljdbc_auth.dll+0x6857]
C  0x0000000005228c67

Java frames: (J=compiled Java code, j=interpreted, Vv=VM code)
j  com.microsoft.sqlserver.jdbc.AuthenticationJNI.SNISecGenClientContext([B[I[BI[B[I[ZLjava/lang/String;Ljava/lang/String;Ljava/lang/String;Ljava/util/logging/Logger;)I+0
j  com.microsoft.sqlserver.jdbc.AuthenticationJNI.GenerateClientContext([BI[B[I[Z)I+24
j  com.microsoft.sqlserver.jdbc.SQLServerConnection.SSPIData([B[B[I[ZLcom/microsoft/sqlserver/jdbc/AuthenticationJNI;)V+13
j  com.microsoft.sqlserver.jdbc.SQLServerConnection.sendLogon(Lcom/microsoft/sqlserver/jdbc/SQLServerConnection$LogonCommand;Lcom/microsoft/sqlserver/jdbc/AuthenticationJNI;)V+155
j  com.microsoft.sqlserver.jdbc.SQLServerConnection.logon(Lcom/microsoft/sqlserver/jdbc/SQLServerConnection$LogonCommand;)V+20
j  com.microsoft.sqlserver.jdbc.SQLServerConnection.access$000(Lcom/microsoft/sqlserver/jdbc/SQLServerConnection;Lcom/microsoft/sqlserver/jdbc/SQLServerConnection$LogonCommand;)V+2
j  com.microsoft.sqlserver.jdbc.SQLServerConnection$LogonCommand.doExecute()Z+5
j  com.microsoft.sqlserver.jdbc.TDSCommand.execute(Lcom/microsoft/sqlserver/jdbc/TDSWriter;Lcom/microsoft/sqlserver/jdbc/TDSReader;)Z+30
j  com.microsoft.sqlserver.jdbc.SQLServerConnection.executeCommand(Lcom/microsoft/sqlserver/jdbc/TDSCommand;)Z+45
j  com.microsoft.sqlserver.jdbc.SQLServerConnection.connectHelper(Lcom/microsoft/sqlserver/jdbc/ServerPortPlaceHolder;II)V+284
j  com.microsoft.sqlserver.jdbc.SQLServerConnection.login(Ljava/lang/String;Ljava/lang/String;ILjava/lang/String;Lcom/microsoft/sqlserver/jdbc/FailoverInfo;IJ)V+399
j  com.microsoft.sqlserver.jdbc.SQLServerConnection.connect(Ljava/util/Properties;Lcom/microsoft/sqlserver/jdbc/SQLServerPooledConnection;)Ljava/sql/Connection;+1929
j  com.microsoft.sqlserver.jdbc.SQLServerDriver.connect(Ljava/lang/String;Ljava/util/Properties;)Ljava/sql/Connection;+45
j  java.sql.DriverManager.getConnection(Ljava/lang/String;Ljava/util/Properties;Ljava/lang/Class;)Ljava/sql/Connection;+171
j  java.sql.DriverManager.getConnection(Ljava/lang/String;)Ljava/sql/Connection;+13
j  supermarket.AdminSignup.jButton1ActionPerformed(Ljava/awt/event/ActionEvent;)V+8
j  supermarket.AdminSignup.access$000(Lsupermarket/AdminSignup;Ljava/awt/event/ActionEvent;)V+2
j  supermarket.AdminSignup$1.actionPerformed(Ljava/awt/event/ActionEvent;)V+5
j  javax.swing.AbstractButton.fireActionPerformed(Ljava/awt/event/ActionEvent;)V+83
j  javax.swing.AbstractButton$Handler.actionPerformed(Ljava/awt/event/ActionEvent;)V+5
j  javax.swing.DefaultButtonModel.fireActionPerformed(Ljava/awt/event/ActionEvent;)V+34
j  javax.swing.DefaultButtonModel.setPressed(Z)V+117
j  javax.swing.plaf.basic.BasicButtonListener.mouseReleased(Ljava/awt/event/MouseEvent;)V+35
j  java.awt.Component.processMouseEvent(Ljava/awt/event/MouseEvent;)V+64
j  javax.swing.JComponent.processMouseEvent(Ljava/awt/event/MouseEvent;)V+23
j  java.awt.Component.processEvent(Ljava/awt/AWTEvent;)V+81
j  java.awt.Container.processEvent(Ljava/awt/AWTEvent;)V+18
J 1424 C1 java.awt.Component.dispatchEventImpl(Ljava/awt/AWTEvent;)V (883 bytes) @ 0x00000000056f371c [0x00000000056ee240+0x54dc]
J 1250 C1 java.awt.Container.dispatchEventImpl(Ljava/awt/AWTEvent;)V (129 bytes) @ 0x000000000563e884 [0x000000000563e740+0x144]
J 1467 C1 java.awt.Component.dispatchEvent(Ljava/awt/AWTEvent;)V (6 bytes) @ 0x00000000057274c4 [0x00000000057273c0+0x104]
j  java.awt.LightweightDispatcher.retargetMouseEvent(Ljava/awt/Component;ILjava/awt/event/MouseEvent;)V+327
J 1460 C1 java.awt.LightweightDispatcher.processMouseEvent(Ljava/awt/event/MouseEvent;)Z (286 bytes) @ 0x00000000057211ac [0x000000000571fa80+0x172c]
J 1464 C1 java.awt.LightweightDispatcher.dispatchEvent(Ljava/awt/AWTEvent;)Z (73 bytes) @ 0x0000000005724c7c [0x0000000005724840+0x43c]
J 1250 C1 java.awt.Container.dispatchEventImpl(Ljava/awt/AWTEvent;)V (129 bytes) @ 0x000000000563e824 [0x000000000563e740+0xe4]
J 1304 C1 java.awt.Window.dispatchEventImpl(Ljava/awt/AWTEvent;)V (23 bytes) @ 0x000000000568c7e4 [0x000000000568c200+0x5e4]
J 1093 C2 java.awt.EventQueue.dispatchEventImpl(Ljava/awt/AWTEvent;Ljava/lang/Object;)V (149 bytes) @ 0x00000000055debe4 [0x00000000055de140+0xaa4]
J 1089 C2 java.awt.EventQueue$3.run()Ljava/lang/Object; (5 bytes) @ 0x00000000055bd040 [0x00000000055bcfe0+0x60]
v  ~StubRoutines::call_stub
J 447  java.security.AccessController.doPrivileged(Ljava/security/PrivilegedAction;Ljava/security/AccessControlContext;)Ljava/lang/Object; (0 bytes) @ 0x0000000005418026 [0x0000000005417fc0+0x66]
J 974 C2 java.awt.EventQueue$4.run()Ljava/lang/Object; (5 bytes) @ 0x00000000055592a8 [0x0000000005559080+0x228]
v  ~StubRoutines::call_stub
J 447  java.security.AccessController.doPrivileged(Ljava/security/PrivilegedAction;Ljava/security/AccessControlContext;)Ljava/lang/Object; (0 bytes) @ 0x0000000005418026 [0x0000000005417fc0+0x66]
J 1123 C2 java.awt.EventQueue.dispatchEvent(Ljava/awt/AWTEvent;)V (80 bytes) @ 0x00000000055e8978 [0x00000000055e8640+0x338]
J 1442 C1 java.awt.EventDispatchThread.pumpOneEventForFilters(I)V (295 bytes) @ 0x000000000570463c [0x00000000057029e0+0x1c5c]
J 1114% C2 java.awt.EventDispatchThread.pumpEventsForFilter(ILjava/awt/Conditional;Ljava/awt/EventFilter;)V (47 bytes) @ 0x00000000055ce600 [0x00000000055ce500+0x100]
j  java.awt.EventDispatchThread.pumpEventsForHierarchy(ILjava/awt/Conditional;Ljava/awt/Component;)V+11
j  java.awt.EventDispatchThread.pumpEvents(ILjava/awt/Conditional;)V+4
j  java.awt.EventDispatchThread.pumpEvents(Ljava/awt/Conditional;)V+3
j  java.awt.EventDispatchThread.run()V+9
v  ~StubRoutines::call_stub

---------------  P R O C E S S  ---------------

Java Threads: ( => current thread )
  0x000000001afd9000 JavaThread "TimerQueue" daemon [_thread_blocked, id=11416, stack(0x000000001d440000,0x000000001d540000)]
  0x000000000520d800 JavaThread "DestroyJavaVM" [_thread_blocked, id=2568, stack(0x0000000004f70000,0x0000000005070000)]
=>0x000000001ac10800 JavaThread "AWT-EventQueue-0" [_thread_in_vm, id=6980, stack(0x000000001bb50000,0x000000001bc50000)]
  0x000000001abb7800 JavaThread "AWT-Windows" daemon [_thread_in_native, id=10188, stack(0x000000001b520000,0x000000001b620000)]
  0x000000001abb4800 JavaThread "AWT-Shutdown" [_thread_blocked, id=800, stack(0x000000001b420000,0x000000001b520000)]
  0x000000001abb4000 JavaThread "Java2D Disposer" daemon [_thread_blocked, id=1128, stack(0x000000001b320000,0x000000001b420000)]
  0x0000000019bae000 JavaThread "Service Thread" daemon [_thread_blocked, id=10772, stack(0x000000001a7e0000,0x000000001a8e0000)]
  0x0000000019b88800 JavaThread "C1 CompilerThread3" daemon [_thread_blocked, id=2156, stack(0x000000001a6e0000,0x000000001a7e0000)]
  0x0000000019b57000 JavaThread "C2 CompilerThread2" daemon [_thread_blocked, id=11632, stack(0x000000001a5e0000,0x000000001a6e0000)]
  0x0000000019b1d800 JavaThread "C2 CompilerThread1" daemon [_thread_blocked, id=12808, stack(0x000000001a4e0000,0x000000001a5e0000)]
  0x0000000019b1a800 JavaThread "C2 CompilerThread0" daemon [_thread_blocked, id=2508, stack(0x000000001a3e0000,0x000000001a4e0000)]
  0x0000000019b19800 JavaThread "Attach Listener" daemon [_thread_blocked, id=7080, stack(0x000000001a2e0000,0x000000001a3e0000)]
  0x0000000019b16800 JavaThread "Signal Dispatcher" daemon [_thread_blocked, id=9104, stack(0x000000001a1e0000,0x000000001a2e0000)]
  0x0000000019b10800 JavaThread "Finalizer" daemon [_thread_blocked, id=12880, stack(0x0000000019ef0000,0x0000000019ff0000)]
  0x0000000017c2d800 JavaThread "Reference Handler" daemon [_thread_blocked, id=10416, stack(0x00000000199f0000,0x0000000019af0000)]

Other Threads:
  0x0000000017c29000 VMThread [stack: 0x00000000198f0000,0x00000000199f0000] [id=11680]
  0x0000000019bb5800 WatcherThread [stack: 0x000000001a8e0000,0x000000001a9e0000] [id=11408]

VM state:not at safepoint (normal execution)

VM Mutex/Monitor currently owned by a thread: None

Heap:
 PSYoungGen      total 24064K, used 18631K [0x00000000eb400000, 0x00000000ecd00000, 0x0000000100000000)
  eden space 22528K, 80% used [0x00000000eb400000,0x00000000ec5c1dd0,0x00000000eca00000)
  from space 1536K, 29% used [0x00000000eca00000,0x00000000eca70000,0x00000000ecb80000)
  to   space 1536K, 0% used [0x00000000ecb80000,0x00000000ecb80000,0x00000000ecd00000)
 ParOldGen       total 62976K, used 18209K [0x00000000c1c00000, 0x00000000c5980000, 0x00000000eb400000)
  object space 62976K, 28% used [0x00000000c1c00000,0x00000000c2dc8640,0x00000000c5980000)
 Metaspace       used 17240K, capacity 17518K, committed 17792K, reserved 1064960K
  class space    used 2039K, capacity 2111K, committed 2176K, reserved 1048576K

Card table byte_map: [0x00000000145d0000,0x00000000147d0000] byte_map_base: 0x0000000013fc2000

Marking Bits: (ParMarkBitMap*) 0x000000005442f860
 Begin Bits: [0x0000000015120000, 0x00000000160b0000)
 End Bits:   [0x00000000160b0000, 0x0000000017040000)

Polling page: 0x0000000000ff0000

CodeCache: size=245760Kb used=6911Kb max_used=6911Kb free=238848Kb
 bounds [0x0000000005210000, 0x00000000058e0000, 0x0000000014210000]
 total_blobs=2658 nmethods=2105 adapters=465
 compilation: enabled

Compilation events (10 events):
Event: 118.752 Thread 0x0000000019b88800 2100   !   3       java.util.zip.ZipFile::getEntry (101 bytes)
Event: 118.753 Thread 0x0000000019b88800 nmethod 2100 0x00000000058d2510 code [0x00000000058d26e0, 0x00000000058d2d58]
Event: 118.753 Thread 0x0000000019b88800 2102       1       java.net.URLClassLoader::access$000 (5 bytes)
Event: 118.753 Thread 0x0000000019b88800 nmethod 2102 0x00000000058ca290 code [0x00000000058ca3e0, 0x00000000058ca4d0]
Event: 118.753 Thread 0x0000000019b88800 2103       3       sun.net.www.ParseUtil::encodePath (336 bytes)
Event: 118.754 Thread 0x0000000019b88800 nmethod 2103 0x00000000058d3050 code [0x00000000058d32c0, 0x00000000058d42d8]
Event: 118.760 Thread 0x0000000019b88800 2104       3       com.sun.crypto.provider.AESCrypt::mul4 (181 bytes)
Event: 118.761 Thread 0x0000000019b88800 nmethod 2104 0x00000000058d4a50 code [0x00000000058d4c60, 0x00000000058d5690]
Event: 118.767 Thread 0x0000000019b88800 2105       1       java.util.logging.Level::intValue (5 bytes)
Event: 118.768 Thread 0x0000000019b88800 nmethod 2105 0x00000000058d5f10 code [0x00000000058d6060, 0x00000000058d6170]

GC Heap History (10 events):
Event: 96.613 GC heap before
{Heap before GC invocations=20 (full 1):
 PSYoungGen      total 24064K, used 22752K [0x00000000eb400000, 0x00000000ecd00000, 0x0000000100000000)
  eden space 22528K, 100% used [0x00000000eb400000,0x00000000eca00000,0x00000000eca00000)
  from space 1536K, 14% used [0x00000000ecb80000,0x00000000ecbb8000,0x00000000ecd00000)
  to   space 1536K, 0% used [0x00000000eca00000,0x00000000eca00000,0x00000000ecb80000)
 ParOldGen       total 62976K, used 18029K [0x00000000c1c00000, 0x00000000c5980000, 0x00000000eb400000)
  object space 62976K, 28% used [0x00000000c1c00000,0x00000000c2d9b760,0x00000000c5980000)
 Metaspace       used 12944K, capacity 13208K, committed 13312K, reserved 1060864K
  class space    used 1610K, capacity 1708K, committed 1792K, reserved 1048576K
Event: 96.614 GC heap after
Heap after GC invocations=20 (full 1):
 PSYoungGen      total 24064K, used 288K [0x00000000eb400000, 0x00000000ecd00000, 0x0000000100000000)
  eden space 22528K, 0% used [0x00000000eb400000,0x00000000eb400000,0x00000000eca00000)
  from space 1536K, 18% used [0x00000000eca00000,0x00000000eca48000,0x00000000ecb80000)
  to   space 1536K, 0% used [0x00000000ecb80000,0x00000000ecb80000,0x00000000ecd00000)
 ParOldGen       total 62976K, used 18045K [0x00000000c1c00000, 0x00000000c5980000, 0x00000000eb400000)
  object space 62976K, 28% used [0x00000000c1c00000,0x00000000c2d9f760,0x00000000c5980000)
 Metaspace       used 12944K, capacity 13208K, committed 13312K, reserved 1060864K
  class space    used 1610K, capacity 1708K, committed 1792K, reserved 1048576K
}
Event: 100.345 GC heap before
{Heap before GC invocations=21 (full 1):
 PSYoungGen      total 24064K, used 22816K [0x00000000eb400000, 0x00000000ecd00000, 0x0000000100000000)
  eden space 22528K, 100% used [0x00000000eb400000,0x00000000eca00000,0x00000000eca00000)
  from space 1536K, 18% used [0x00000000eca00000,0x00000000eca48000,0x00000000ecb80000)
  to   space 1536K, 0% used [0x00000000ecb80000,0x00000000ecb80000,0x00000000ecd00000)
 ParOldGen       total 62976K, used 18045K [0x00000000c1c00000, 0x00000000c5980000, 0x00000000eb400000)
  object space 62976K, 28% used [0x00000000c1c00000,0x00000000c2d9f760,0x00000000c5980000)
 Metaspace       used 12944K, capacity 13208K, committed 13312K, reserved 1060864K
  class space    used 1610K, capacity 1708K, committed 1792K, reserved 1048576K
Event: 100.346 GC heap after
Heap after GC invocations=21 (full 1):
 PSYoungGen      total 24064K, used 256K [0x00000000eb400000, 0x00000000ecd00000, 0x0000000100000000)
  eden space 22528K, 0% used [0x00000000eb400000,0x00000000eb400000,0x00000000eca00000)
  from space 1536K, 16% used [0x00000000ecb80000,0x00000000ecbc0000,0x00000000ecd00000)
  to   space 1536K, 0% used [0x00000000eca00000,0x00000000eca00000,0x00000000ecb80000)
 ParOldGen       total 62976K, used 18097K [0x00000000c1c00000, 0x00000000c5980000, 0x00000000eb400000)
  object space 62976K, 28% used [0x00000000c1c00000,0x00000000c2dac530,0x00000000c5980000)
 Metaspace       used 12944K, capacity 13208K, committed 13312K, reserved 1060864K
  class space    used 1610K, capacity 1708K, committed 1792K, reserved 1048576K
}
Event: 104.671 GC heap before
{Heap before GC invocations=22 (full 1):
 PSYoungGen      total 24064K, used 22784K [0x00000000eb400000, 0x00000000ecd00000, 0x0000000100000000)
  eden space 22528K, 100% used [0x00000000eb400000,0x00000000eca00000,0x00000000eca00000)
  from space 1536K, 16% used [0x00000000ecb80000,0x00000000ecbc0000,0x00000000ecd00000)
  to   space 1536K, 0% used [0x00000000eca00000,0x00000000eca00000,0x00000000ecb80000)
 ParOldGen       total 62976K, used 18097K [0x00000000c1c00000, 0x00000000c5980000, 0x00000000eb400000)
  object space 62976K, 28% used [0x00000000c1c00000,0x00000000c2dac530,0x00000000c5980000)
 Metaspace       used 12944K, capacity 13208K, committed 13312K, reserved 1060864K
  class space    used 1610K, capacity 1708K, committed 1792K, reserved 1048576K
Event: 104.672 GC heap after
Heap after GC invocations=22 (full 1):
 PSYoungGen      total 24064K, used 256K [0x00000000eb400000, 0x00000000ecd00000, 0x0000000100000000)
  eden space 22528K, 0% used [0x00000000eb400000,0x00000000eb400000,0x00000000eca00000)
  from space 1536K, 16% used [0x00000000eca00000,0x00000000eca40000,0x00000000ecb80000)
  to   space 1536K, 0% used [0x00000000ecb80000,0x00000000ecb80000,0x00000000ecd00000)
 ParOldGen       total 62976K, used 18097K [0x00000000c1c00000, 0x00000000c5980000, 0x00000000eb400000)
  object space 62976K, 28% used [0x00000000c1c00000,0x00000000c2dac530,0x00000000c5980000)
 Metaspace       used 12944K, capacity 13208K, committed 13312K, reserved 1060864K
  class space    used 1610K, capacity 1708K, committed 1792K, reserved 1048576K
}
Event: 110.301 GC heap before
{Heap before GC invocations=23 (full 1):
 PSYoungGen      total 24064K, used 22784K [0x00000000eb400000, 0x00000000ecd00000, 0x0000000100000000)
  eden space 22528K, 100% used [0x00000000eb400000,0x00000000eca00000,0x00000000eca00000)
  from space 1536K, 16% used [0x00000000eca00000,0x00000000eca40000,0x00000000ecb80000)
  to   space 1536K, 0% used [0x00000000ecb80000,0x00000000ecb80000,0x00000000ecd00000)
 ParOldGen       total 62976K, used 18097K [0x00000000c1c00000, 0x00000000c5980000, 0x00000000eb400000)
  object space 62976K, 28% used [0x00000000c1c00000,0x00000000c2dac530,0x00000000c5980000)
 Metaspace       used 12944K, capacity 13208K, committed 13312K, reserved 1060864K
  class space    used 1610K, capacity 1708K, committed 1792K, reserved 1048576K
Event: 110.302 GC heap after
Heap after GC invocations=23 (full 1):
 PSYoungGen      total 24064K, used 256K [0x00000000eb400000, 0x00000000ecd00000, 0x0000000100000000)
  eden space 22528K, 0% used [0x00000000eb400000,0x00000000eb400000,0x00000000eca00000)
  from space 1536K, 16% used [0x00000000ecb80000,0x00000000ecbc0000,0x00000000ecd00000)
  to   space 1536K, 0% used [0x00000000eca00000,0x00000000eca00000,0x00000000ecb80000)
 ParOldGen       total 62976K, used 18113K [0x00000000c1c00000, 0x00000000c5980000, 0x00000000eb400000)
  object space 62976K, 28% used [0x00000000c1c00000,0x00000000c2db0530,0x00000000c5980000)
 Metaspace       used 12944K, capacity 13208K, committed 13312K, reserved 1060864K
  class space    used 1610K, capacity 1708K, committed 1792K, reserved 1048576K
}
Event: 117.562 GC heap before
{Heap before GC invocations=24 (full 1):
 PSYoungGen      total 24064K, used 22784K [0x00000000eb400000, 0x00000000ecd00000, 0x0000000100000000)
  eden space 22528K, 100% used [0x00000000eb400000,0x00000000eca00000,0x00000000eca00000)
  from space 1536K, 16% used [0x00000000ecb80000,0x00000000ecbc0000,0x00000000ecd00000)
  to   space 1536K, 0% used [0x00000000eca00000,0x00000000eca00000,0x00000000ecb80000)
 ParOldGen       total 62976K, used 18113K [0x00000000c1c00000, 0x00000000c5980000, 0x00000000eb400000)
  object space 62976K, 28% used [0x00000000c1c00000,0x00000000c2db0530,0x00000000c5980000)
 Metaspace       used 13218K, capacity 13496K, committed 13568K, reserved 1060864K
  class space    used 1638K, capacity 1740K, committed 1792K, reserved 1048576K
Event: 117.568 GC heap after
Heap after GC invocations=24 (full 1):
 PSYoungGen      total 24064K, used 448K [0x00000000eb400000, 0x00000000ecd00000, 0x0000000100000000)
  eden space 22528K, 0% used [0x00000000eb400000,0x00000000eb400000,0x00000000eca00000)
  from space 1536K, 29% used [0x00000000eca00000,0x00000000eca70000,0x00000000ecb80000)
  to   space 1536K, 0% used [0x00000000ecb80000,0x00000000ecb80000,0x00000000ecd00000)
 ParOldGen       total 62976K, used 18209K [0x00000000c1c00000, 0x00000000c5980000, 0x00000000eb400000)
  object space 62976K, 28% used [0x00000000c1c00000,0x00000000c2dc8640,0x00000000c5980000)
 Metaspace       used 13218K, capacity 13496K, committed 13568K, reserved 1060864K
  class space    used 1638K, capacity 1740K, committed 1792K, reserved 1048576K
}

Deoptimization events (10 events):
Event: 115.403 Thread 0x000000001ac10800 Uncommon trap: reason=unstable_if action=reinterpret pc=0x000000000552ef88 method=java.awt.font.FontRenderContext.equals(Ljava/awt/font/FontRenderContext;)Z @ 35
Event: 118.299 Thread 0x000000001ac10800 Uncommon trap: reason=unstable_if action=reinterpret pc=0x000000000564a970 method=java.lang.String.indexOf([CII[CIII)I @ 3
Event: 118.314 Thread 0x000000001ac10800 Uncommon trap: reason=unstable_if action=reinterpret pc=0x00000000056bf8fc method=java.util.HashMap.putVal(ILjava/lang/Object;Ljava/lang/Object;ZZ)Ljava/lang/Object; @ 236
Event: 118.322 Thread 0x000000001ac10800 Uncommon trap: reason=class_check action=maybe_recompile pc=0x0000000005535704 method=java.util.HashSet.add(Ljava/lang/Object;)Z @ 8
Event: 118.328 Thread 0x000000001ac10800 Uncommon trap: reason=class_check action=maybe_recompile pc=0x0000000005535704 method=java.util.HashSet.add(Ljava/lang/Object;)Z @ 8
Event: 118.421 Thread 0x000000001ac10800 Uncommon trap: reason=class_check action=maybe_recompile pc=0x0000000005535704 method=java.util.HashSet.add(Ljava/lang/Object;)Z @ 8
Event: 118.421 Thread 0x000000001ac10800 Uncommon trap: reason=class_check action=maybe_recompile pc=0x0000000005535704 method=java.util.HashSet.add(Ljava/lang/Object;)Z @ 8
Event: 118.500 Thread 0x000000001ac10800 Uncommon trap: reason=class_check action=maybe_recompile pc=0x00000000057ba49c method=java.util.regex.Pattern$BmpCharProperty.match(Ljava/util/regex/Matcher;ILjava/lang/CharSequence;)Z @ 31
Event: 118.500 Thread 0x000000001ac10800 Uncommon trap: reason=unstable_if action=reinterpret pc=0x00000000057ba438 method=java.util.regex.Pattern$BmpCharProperty.match(Ljava/util/regex/Matcher;ILjava/lang/CharSequence;)Z @ 5
Event: 118.672 Thread 0x000000001ac10800 Uncommon trap: reason=unstable_if action=reinterpret pc=0x000000000552ac9c method=java.security.AccessControlContext.combine([Ljava/security/ProtectionDomain;[Ljava/security/ProtectionDomain;)[Ljava/security/ProtectionDomain; @ 11

Classes redefined (0 events):
No events

Internal exceptions (10 events):
Event: 0.593 Thread 0x000000000520d800 Exception <a 'java/lang/ClassNotFoundException': ToggleButton> (0x00000000eb781590) thrown at [C:\re\workspace\8-2-build-windows-amd64-cygwin\jdk8u161\10277\hotspot\src\share\vm\classfile\systemDictionary.cpp, line 210]
Event: 0.593 Thread 0x000000000520d800 Exception <a 'java/lang/ClassNotFoundException': javax/swing/JToolBarSeparator> (0x00000000eb7819f0) thrown at [C:\re\workspace\8-2-build-windows-amd64-cygwin\jdk8u161\10277\hotspot\src\share\vm\classfile\systemDictionary.cpp, line 210]
Event: 0.593 Thread 0x000000000520d800 Exception <a 'java/lang/ClassNotFoundException': ToolBarSeparator> (0x00000000eb781e88) thrown at [C:\re\workspace\8-2-build-windows-amd64-cygwin\jdk8u161\10277\hotspot\src\share\vm\classfile\systemDictionary.cpp, line 210]
Event: 0.593 Thread 0x000000000520d800 Exception <a 'java/lang/ClassNotFoundException': ToolTip> (0x00000000eb7825c8) thrown at [C:\re\workspace\8-2-build-windows-amd64-cygwin\jdk8u161\10277\hotspot\src\share\vm\classfile\systemDictionary.cpp, line 210]
Event: 0.596 Thread 0x000000000520d800 Exception <a 'java/lang/ClassNotFoundException': Tree> (0x00000000eb7831e8) thrown at [C:\re\workspace\8-2-build-windows-amd64-cygwin\jdk8u161\10277\hotspot\src\share\vm\classfile\systemDictionary.cpp, line 210]
Event: 0.596 Thread 0x000000000520d800 Exception <a 'java/lang/ClassNotFoundException': Tree> (0x00000000eb783928) thrown at [C:\re\workspace\8-2-build-windows-amd64-cygwin\jdk8u161\10277\hotspot\src\share\vm\classfile\systemDictionary.cpp, line 210]
Event: 0.596 Thread 0x000000000520d800 Exception <a 'java/lang/ClassNotFoundException': javax/swing/JTreeCell> (0x00000000eb783ca8) thrown at [C:\re\workspace\8-2-build-windows-amd64-cygwin\jdk8u161\10277\hotspot\src\share\vm\classfile\systemDictionary.cpp, line 210]
Event: 0.596 Thread 0x000000000520d800 Exception <a 'java/lang/ClassNotFoundException': TreeCell> (0x00000000eb784130) thrown at [C:\re\workspace\8-2-build-windows-amd64-cygwin\jdk8u161\10277\hotspot\src\share\vm\classfile\systemDictionary.cpp, line 210]
Event: 0.597 Thread 0x000000000520d800 Exception <a 'java/lang/ClassNotFoundException': RootPane> (0x00000000eb784b90) thrown at [C:\re\workspace\8-2-build-windows-amd64-cygwin\jdk8u161\10277\hotspot\src\share\vm\classfile\systemDictionary.cpp, line 210]
Event: 115.215 Thread 0x000000001ac10800 Implicit null exception at 0x00000000056b3a69 to 0x00000000056b3c4b

Events (10 events):
Event: 118.765 loading class com/sun/crypto/provider/HmacCore
Event: 118.765 loading class com/sun/crypto/provider/HmacCore done
Event: 118.765 loading class javax/crypto/MacSpi
Event: 118.765 loading class javax/crypto/MacSpi done
Event: 118.767 loading class sun/security/ssl/CipherBox$1
Event: 118.767 loading class sun/security/ssl/CipherBox$1 done
Event: 118.768 loading class com/microsoft/sqlserver/jdbc/AuthenticationJNI
Event: 118.768 loading class com/microsoft/sqlserver/jdbc/AuthenticationJNI done
Event: 118.769 loading class java/lang/ClassLoaderHelper
Event: 118.769 loading class java/lang/ClassLoaderHelper done


Dynamic libraries:
0x00007ff601510000 - 0x00007ff601547000 	C:\Program Files\Java\jdk1.8.0_161\bin\java.exe
0x00007ffa20f90000 - 0x00007ffa21170000 	C:\Windows\SYSTEM32\ntdll.dll
0x00007ffa1e6a0000 - 0x00007ffa1e74e000 	C:\Windows\System32\KERNEL32.DLL
0x00007ffa1dc50000 - 0x00007ffa1deb6000 	C:\Windows\System32\KERNELBASE.dll
0x00007ffa1ee10000 - 0x00007ffa1eeb1000 	C:\Windows\System32\ADVAPI32.dll
0x00007ffa1e5f0000 - 0x00007ffa1e68d000 	C:\Windows\System32\msvcrt.dll
0x00007ffa207a0000 - 0x00007ffa207fb000 	C:\Windows\System32\sechost.dll
0x00007ffa20c60000 - 0x00007ffa20d7f000 	C:\Windows\System32\RPCRT4.dll
0x00007ffa1ea60000 - 0x00007ffa1ebef000 	C:\Windows\System32\USER32.dll
0x00007ffa1e340000 - 0x00007ffa1e360000 	C:\Windows\System32\win32u.dll
0x00007ffa20770000 - 0x00007ffa20798000 	C:\Windows\System32\GDI32.dll
0x00007ffa1e1a0000 - 0x00007ffa1e333000 	C:\Windows\System32\gdi32full.dll
0x00007ffa1d3e0000 - 0x00007ffa1d47b000 	C:\Windows\System32\msvcp_win.dll
0x00007ffa1e360000 - 0x00007ffa1e456000 	C:\Windows\System32\ucrtbase.dll
0x00007ffa0ff30000 - 0x00007ffa10199000 	C:\Windows\WinSxS\amd64_microsoft.windows.common-controls_6595b64144ccf1df_6.0.16299.431_none_15c7d3ee93659e73\COMCTL32.dll
0x00007ffa1e750000 - 0x00007ffa1ea58000 	C:\Windows\System32\combase.dll
0x00007ffa1dbd0000 - 0x00007ffa1dc42000 	C:\Windows\System32\bcryptPrimitives.dll
0x00007ffa20610000 - 0x00007ffa2063d000 	C:\Windows\System32\IMM32.DLL
0x0000000053b30000 - 0x0000000053c02000 	C:\Program Files\Java\jdk1.8.0_161\jre\bin\msvcr100.dll
0x0000000053c10000 - 0x00000000544af000 	C:\Program Files\Java\jdk1.8.0_161\jre\bin\server\jvm.dll
0x00007ffa1e690000 - 0x00007ffa1e698000 	C:\Windows\System32\PSAPI.DLL
0x00007ffa190c0000 - 0x00007ffa190c9000 	C:\Windows\SYSTEM32\WSOCK32.dll
0x00007ffa0f6f0000 - 0x00007ffa0f713000 	C:\Windows\SYSTEM32\WINMM.dll
0x00007ffa20d80000 - 0x00007ffa20dec000 	C:\Windows\System32\WS2_32.dll
0x00007ffa13a20000 - 0x00007ffa13a2a000 	C:\Windows\SYSTEM32\VERSION.dll
0x00007ffa0f6c0000 - 0x00007ffa0f6ea000 	C:\Windows\SYSTEM32\WINMMBASE.dll
0x00007ffa1d390000 - 0x00007ffa1d3da000 	C:\Windows\System32\cfgmgr32.dll
0x0000000053ae0000 - 0x0000000053aef000 	C:\Program Files\Java\jdk1.8.0_161\jre\bin\verify.dll
0x0000000053ab0000 - 0x0000000053ad9000 	C:\Program Files\Java\jdk1.8.0_161\jre\bin\java.dll
0x0000000053a90000 - 0x0000000053aa6000 	C:\Program Files\Java\jdk1.8.0_161\jre\bin\zip.dll
0x00007ffa1ef30000 - 0x00007ffa20368000 	C:\Windows\System32\SHELL32.dll
0x00007ffa206c0000 - 0x00007ffa20766000 	C:\Windows\System32\shcore.dll
0x00007ffa1d480000 - 0x00007ffa1dbc7000 	C:\Windows\System32\windows.storage.dll
0x00007ffa1eec0000 - 0x00007ffa1ef11000 	C:\Windows\System32\shlwapi.dll
0x00007ffa1d2e0000 - 0x00007ffa1d2f1000 	C:\Windows\System32\kernel.appcore.dll
0x00007ffa1d340000 - 0x00007ffa1d38c000 	C:\Windows\System32\powrprof.dll
0x00007ffa1d320000 - 0x00007ffa1d33b000 	C:\Windows\System32\profapi.dll
0x00000000538b0000 - 0x0000000053a48000 	C:\Program Files\Java\jdk1.8.0_161\jre\bin\awt.dll
0x00007ffa1ebf0000 - 0x00007ffa1ecb5000 	C:\Windows\System32\OLEAUT32.dll
0x00007ffa1ad30000 - 0x00007ffa1adb8000 	C:\Windows\SYSTEM32\apphelp.dll
0x00007ffa1b460000 - 0x00007ffa1b4f5000 	C:\Windows\system32\uxtheme.dll
0x00007ffa1e480000 - 0x00007ffa1e5e7000 	C:\Windows\System32\MSCTF.dll
0x00007ffa1ba20000 - 0x00007ffa1ba4a000 	C:\Windows\system32\dwmapi.dll
0x00007ffa1ecc0000 - 0x00007ffa1ee09000 	C:\Windows\System32\ole32.dll
0x0000000053860000 - 0x00000000538a7000 	C:\Program Files\Java\jdk1.8.0_161\jre\bin\fontmanager.dll
0x00007ff9fb8f0000 - 0x00007ff9fba0e000 	C:\Windows\system32\opengl32.dll
0x00007ffa19070000 - 0x00007ffa1909c000 	C:\Windows\SYSTEM32\GLU32.dll
0x0000000053790000 - 0x00000000537c1000 	C:\Program Files\Java\jdk1.8.0_161\jre\bin\jpeg.dll
0x00007ffa20370000 - 0x00007ffa2040e000 	C:\Windows\System32\clbcatq.dll
0x00007ffa0d300000 - 0x00007ffa0d4ab000 	C:\Windows\SYSTEM32\WindowsCodecs.dll
0x00007ffa0a580000 - 0x00007ffa0a5cf000 	C:\Windows\system32\dataexchange.dll
0x00007ffa19150000 - 0x00007ffa19432000 	C:\Windows\system32\d3d11.dll
0x00007ffa18e80000 - 0x00007ffa18fc2000 	C:\Windows\system32\dcomp.dll
0x00007ffa1c140000 - 0x00007ffa1c1ef000 	C:\Windows\system32\dxgi.dll
0x00007ffa1ba50000 - 0x00007ffa1bbcb000 	C:\Windows\system32\twinapi.appcore.dll
0x00007ffa1bc40000 - 0x00007ffa1bc60000 	C:\Windows\system32\RMCLIENT.dll
0x00007ffa1ce40000 - 0x00007ffa1ce65000 	C:\Windows\system32\bcrypt.dll
0x0000000053a70000 - 0x0000000053a8a000 	C:\Program Files\Java\jdk1.8.0_161\jre\bin\net.dll
0x00007ffa1cb70000 - 0x00007ffa1cbd6000 	C:\Windows\system32\mswsock.dll
0x0000000053a50000 - 0x0000000053a61000 	C:\Program Files\Java\jdk1.8.0_161\jre\bin\nio.dll
0x0000000053810000 - 0x0000000053852000 	C:\Program Files\Java\jdk1.8.0_161\jre\bin\t2k.dll
0x00007ffa14ef0000 - 0x00007ffa14f88000 	C:\Windows\System32\TextInputFramework.dll
0x00007ffa0def0000 - 0x00007ffa0e1de000 	C:\Windows\System32\CoreUIComponents.dll
0x00007ffa18cc0000 - 0x00007ffa18d9c000 	C:\Windows\System32\CoreMessaging.dll
0x00007ffa1c410000 - 0x00007ffa1c441000 	C:\Windows\SYSTEM32\ntmarta.dll
0x00007ffa1a6e0000 - 0x00007ffa1a816000 	C:\Windows\SYSTEM32\wintypes.dll
0x00000000537d0000 - 0x00000000537fa000 	C:\Program Files\Java\jdk1.8.0_161\jre\bin\dcpr.dll
0x00007ffa1c940000 - 0x00007ffa1c9f6000 	C:\Windows\SYSTEM32\DNSAPI.dll
0x00007ffa20c50000 - 0x00007ffa20c58000 	C:\Windows\System32\NSI.dll
0x00007ffa1c900000 - 0x00007ffa1c939000 	C:\Windows\SYSTEM32\IPHLPAPI.DLL
0x00007ffa14c80000 - 0x00007ffa14c8a000 	C:\Windows\System32\rasadhlp.dll
0x00007ffa17160000 - 0x00007ffa171d0000 	C:\Windows\System32\fwpuclnt.dll
0x0000000053760000 - 0x0000000053784000 	C:\Program Files\Java\jdk1.8.0_161\jre\bin\sunec.dll
0x00007ffa15f10000 - 0x00007ffa15f26000 	C:\Windows\SYSTEM32\dhcpcsvc6.DLL
0x00007ffa15ef0000 - 0x00007ffa15f0a000 	C:\Windows\SYSTEM32\dhcpcsvc.DLL
0x00007ffa1cd30000 - 0x00007ffa1cd47000 	C:\Windows\SYSTEM32\CRYPTSP.dll
0x00007ffa1c770000 - 0x00007ffa1c7a3000 	C:\Windows\system32\rsaenh.dll
0x00007ffa1d1e0000 - 0x00007ffa1d209000 	C:\Windows\SYSTEM32\USERENV.dll
0x00007ffa1cd50000 - 0x00007ffa1cd5b000 	C:\Windows\SYSTEM32\CRYPTBASE.dll
0x0000000053750000 - 0x000000005375b000 	C:\Program Files\Java\jdk1.8.0_161\jre\bin\sunmscapi.dll
0x00007ffa1dec0000 - 0x00007ffa1e08e000 	C:\Windows\System32\CRYPT32.dll
0x00007ffa1d300000 - 0x00007ffa1d312000 	C:\Windows\System32\MSASN1.dll
0x00007ff9f8e60000 - 0x00007ff9f8eac000 	C:\Program Files\Java\jdk1.8.0_161\bin\sqljdbc_auth.dll
0x00007ffa12880000 - 0x00007ffa1288c000 	C:\Windows\system32\secur32.dll
0x00007ffa1d210000 - 0x00007ffa1d240000 	C:\Windows\SYSTEM32\SSPICLI.DLL
0x00007ffa1cc30000 - 0x00007ffa1cd24000 	C:\Windows\system32\kerberos.DLL
0x00007ffa1cb00000 - 0x00007ffa1cb6b000 	C:\Windows\system32\msv1_0.DLL
0x00007ffa1caf0000 - 0x00007ffa1cafd000 	C:\Windows\SYSTEM32\NtlmShared.dll
0x00007ffa1cbe0000 - 0x00007ffa1cbf4000 	C:\Windows\SYSTEM32\cryptdll.dll
0x00007ffa099c0000 - 0x00007ffa099e8000 	C:\Windows\system32\ntdsapi.dll
0x00007ffa14b60000 - 0x00007ffa14b76000 	C:\Windows\system32\napinsp.dll
0x00007ffa14b20000 - 0x00007ffa14b3a000 	C:\Windows\system32\pnrpnsp.dll
0x00007ffa183e0000 - 0x00007ffa183f8000 	C:\Windows\system32\NLAapi.dll
0x00007ffa190b0000 - 0x00007ffa190be000 	C:\Windows\System32\winrnr.dll
0x00007ffa152d0000 - 0x00007ffa152e5000 	C:\Windows\System32\wshbth.dll
0x00007ffa172d0000 - 0x00007ffa17498000 	C:\Windows\SYSTEM32\dbghelp.dll

VM Arguments:
jvm_args: -Dfile.encoding=UTF-8 
java_command: supermarket.AdminSignup
java_class_path (initial): C:\Program Files\NetBeans 8.2\java\modules\ext\AbsoluteLayout.jar;E:\JAVA_DB\sqljdbc4-2.0.jar;C:\Users\zeesh\OneDrive\Documents\NetBeansProjects\SuperMarket\build\classes
Launcher Type: SUN_STANDARD

Environment Variables:
PATH=C:\ProgramData\Oracle\Java\javapath;C:\Windows\system32;C:\Windows;C:\Windows\System32\Wbem;C:\Windows\System32\WindowsPowerShell\v1.0\;C:\Program Files\Microsoft SQL Server\Client SDK\ODBC\130\Tools\Binn\;C:\Program Files (x86)\Microsoft SQL Server\140\Tools\Binn\;C:\Program Files\Microsoft SQL Server\140\Tools\Binn\;C:\Program Files\Microsoft SQL Server\140\DTS\Binn\;C:\Program Files (x86)\Microsoft SQL Server\Client SDK\ODBC\130\Tools\Binn\;C:\Program Files (x86)\Microsoft SQL Server\140\DTS\Binn\;C:\Program Files (x86)\Microsoft SQL Server\140\Tools\Binn\ManagementStudio\;C:\Users\zeesh\AppData\Local\Microsoft\WindowsApps;
USERNAME=zeesh
OS=Windows_NT
PROCESSOR_IDENTIFIER=Intel64 Family 6 Model 42 Stepping 7, GenuineIntel



---------------  S Y S T E M  ---------------

OS: Windows 10.0 , 64 bit Build 16299 (10.0.16299.431)

CPU:total 8 (initial active 8) (4 cores per cpu, 2 threads per core) family 6 model 42 stepping 7, cmov, cx8, fxsr, mmx, sse, sse2, sse3, ssse3, sse4.1, sse4.2, popcnt, avx, aes, clmul, ht, tsc, tscinvbit

Memory: 4k page, physical 4072340k(1374176k free), swap 7067540k(3492740k free)

vm_info: Java HotSpot(TM) 64-Bit Server VM (25.161-b12) for windows-amd64 JRE (1.8.0_161-b12), built on Dec 19 2017 17:52:25 by "java_re" with MS VC++ 10.0 (VS2010)

time: Mon May 21 10:43:55 2018
elapsed time: 118 seconds (0d 0h 1m 58s)

